 ⨯ TypeError: e[o] is not a function
    at t (D:\nwxt-gen\apps\web\.next\server\webpack-runtime.js:1:127)
    at 2385 (D:\nwxt-gen\apps\web\.next\server\app\api\auth\login\route.js:1:464)
    at t (D:\nwxt-gen\apps\web\.next\server\webpack-runtime.js:1:127)
    at r (D:\nwxt-gen\apps\web\.next\server\app\api\auth\login\route.js:1:1505)
    at D:\nwxt-gen\apps\web\.next\server\app\api\auth\login\route.js:1:1536
    at t.X (D:\nwxt-gen\apps\web\.next\server\webpack-runtime.js:1:1191)
    at D:\nwxt-gen\apps\web\.next\server\app\api\auth\login\route.js:1:1518
    at Object.<anonymous> (D:\nwxt-gen\apps\web\.next\server\app\api\auth\login\route.js:1:1563)
    at Module._compile (node:internal/modules/cjs/loader:1730:14)
    at Object..js (node:internal/modules/cjs/loader:1895:10)
 ⨯ TypeError: e[o] is not a function
    at t (D:\nwxt-gen\apps\web\.next\server\webpack-runtime.js:1:127)
    at 2385 (D:\nwxt-gen\apps\web\.next\server\app\api\auth\login\route.js:1:464)
    at t (D:\nwxt-gen\apps\web\.next\server\webpack-runtime.js:1:127)
    at r (D:\nwxt-gen\apps\web\.next\server\app\api\auth\login\route.js:1:1505)
    at D:\nwxt-gen\apps\web\.next\server\app\api\auth\login\route.js:1:1536
    at t.X (D:\nwxt-gen\apps\web\.next\server\webpack-runtime.js:1:1191)
    at D:\nwxt-gen\apps\web\.next\server\app\api\auth\login\route.js:1:1518
    at Object.<anonymous> (D:\nwxt-gen\apps\web\.next\server\app\api\auth\login\route.js:1:1563)
    at Module._compile (node:internal/modules/cjs/loader:1730:14)
    at Object..js (node:internal/modules/cjs/loader:1895:10)
 ⨯ TypeError: e[o] is not a function
    at t (D:\nwxt-gen\apps\web\.next\server\webpack-runtime.js:1:127)
    at 2385 (D:\nwxt-gen\apps\web\.next\server\app\api\auth\login\route.js:1:464)
    at t (D:\nwxt-gen\apps\web\.next\server\webpack-runtime.js:1:127)
    at r (D:\nwxt-gen\apps\web\.next\server\app\api\auth\login\route.js:1:1505)
    at D:\nwxt-gen\apps\web\.next\server\app\api\auth\login\route.js:1:1536
    at t.X (D:\nwxt-gen\apps\web\.next\server\webpack-runtime.js:1:1191)
    at D:\nwxt-gen\apps\web\.next\server\app\api\auth\login\route.js:1:1518
    at Object.<anonymous> (D:\nwxt-gen\apps\web\.next\server\app\api\auth\login\route.js:1:1563)
    at Module._compile (node:internal/modules/cjs/loader:1730:14)
    at Object..js (node:internal/modules/cjs/loader:1895:10)
 ⨯ TypeError: e[o] is not a function
    at t (D:\nwxt-gen\apps\web\.next\server\webpack-runtime.js:1:127)
    at 2385 (D:\nwxt-gen\apps\web\.next\server\app\api\auth\login\route.js:1:464)
    at t (D:\nwxt-gen\apps\web\.next\server\webpack-runtime.js:1:127)
    at r (D:\nwxt-gen\apps\web\.next\server\app\api\auth\login\route.js:1:1505)
    at D:\nwxt-gen\apps\web\.next\server\app\api\auth\login\route.js:1:1536
    at t.X (D:\nwxt-gen\apps\web\.next\server\webpack-runtime.js:1:1191)
    at D:\nwxt-gen\apps\web\.next\server\app\api\auth\login\route.js:1:1518
    at Object.<anonymous> (D:\nwxt-gen\apps\web\.next\server\app\api\auth\login\route.js:1:1563)
    at Module._compile (node:internal/modules/cjs/loader:1730:14)
    at Object..js (node:internal/modules/cjs/loader:1895:10)
